# JRE version: OpenJDK Runtime Environment (17.0.7) (build 17.0.7+0-b2043.56-10550314)
# Java VM: OpenJDK 64-Bit Server VM (17.0.7+0-b2043.56-10550314, mixed mode, tiered, compressed oops, compressed class ptrs, g1 gc, windows-amd64)
GC Precious Log:
 CPUs: 12 total, 12 available
 Memory: 15789M
 Large Page Support: Disabled
 NUMA Support: Disabled
 Compressed Oops: Enabled (32-bit)
 Heap Region Size: 1M
 Heap Min Capacity: 8M
 Heap Initial Capacity: 248M
 Heap Max Capacity: 2G
 Pre-touch: Disabled
 Parallel Workers: 10
 Concurrent Workers: 3
 Concurrent Refinement Workers: 10
 Periodic GC: Disabled
Heap:
 garbage-first heap   total 254976K, used 123499K [0x0000000080000000, 0x0000000100000000)
  region size 1024K, 3 young (3072K), 3 survivors (3072K)
 Metaspace       used 107423K, committed 108224K, reserved 1179648K
  class space    used 14544K, committed 14912K, reserved 1048576K
GC Heap History (20 events):
Event: 72.766 GC heap after
{Heap after GC invocations=35 (full 0):
 garbage-first heap   total 174080K, used 95837K [0x0000000080000000, 0x0000000100000000)
  region size 1024K, 5 young (5120K), 5 survivors (5120K)
 Metaspace       used 93453K, committed 94080K, reserved 1179648K
  class space    used 12570K, committed 12864K, reserved 1048576K
}
Event: 72.911 GC heap before
{Heap before GC invocations=35 (full 0):
 garbage-first heap   total 174080K, used 104029K [0x0000000080000000, 0x0000000100000000)
  region size 1024K, 14 young (14336K), 5 survivors (5120K)
 Metaspace       used 93920K, committed 94592K, reserved 1179648K
  class space    used 12633K, committed 12928K, reserved 1048576K
}
Event: 72.917 GC heap after
{Heap after GC invocations=36 (full 0):
 garbage-first heap   total 174080K, used 97455K [0x0000000080000000, 0x0000000100000000)
  region size 1024K, 3 young (3072K), 3 survivors (3072K)
 Metaspace       used 93920K, committed 94592K, reserved 1179648K
  class space    used 12633K, committed 12928K, reserved 1048576K
}
Event: 73.569 GC heap before
{Heap before GC invocations=37 (full 0):
 garbage-first heap   total 176128K, used 145583K [0x0000000080000000, 0x0000000100000000)
  region size 1024K, 46 young (47104K), 3 survivors (3072K)
 Metaspace       used 95889K, committed 96512K, reserved 1179648K
  class space    used 12782K, committed 13056K, reserved 1048576K
}
Event: 73.574 GC heap after
{Heap after GC invocations=38 (full 0):
 garbage-first heap   total 176128K, used 100673K [0x0000000080000000, 0x0000000100000000)
  region size 1024K, 6 young (6144K), 6 survivors (6144K)
 Metaspace       used 95889K, committed 96512K, reserved 1179648K
  class space    used 12782K, committed 13056K, reserved 1048576K
}
Event: 73.608 GC heap before
{Heap before GC invocations=38 (full 0):
 garbage-first heap   total 176128K, used 102721K [0x0000000080000000, 0x0000000100000000)
  region size 1024K, 8 young (8192K), 6 survivors (6144K)
 Metaspace       used 95908K, committed 96512K, reserved 1179648K
  class space    used 12783K, committed 13056K, reserved 1048576K
}
Event: 73.614 GC heap after
{Heap after GC invocations=39 (full 0):
 garbage-first heap   total 176128K, used 101406K [0x0000000080000000, 0x0000000100000000)
  region size 1024K, 1 young (1024K), 1 survivors (1024K)
 Metaspace       used 95908K, committed 96512K, reserved 1179648K
  class space    used 12783K, committed 13056K, reserved 1048576K
}
Event: 74.341 GC heap before
{Heap before GC invocations=39 (full 0):
 garbage-first heap   total 176128K, used 143390K [0x0000000080000000, 0x0000000100000000)
  region size 1024K, 43 young (44032K), 1 survivors (1024K)
 Metaspace       used 98113K, committed 98752K, reserved 1179648K
  class space    used 13094K, committed 13376K, reserved 1048576K
}
Event: 74.347 GC heap after
{Heap after GC invocations=40 (full 0):
 garbage-first heap   total 176128K, used 104572K [0x0000000080000000, 0x0000000100000000)
  region size 1024K, 4 young (4096K), 4 survivors (4096K)
 Metaspace       used 98113K, committed 98752K, reserved 1179648K
  class space    used 13094K, committed 13376K, reserved 1048576K
}
Event: 75.028 GC heap before
{Heap before GC invocations=41 (full 0):
 garbage-first heap   total 181248K, used 144508K [0x0000000080000000, 0x0000000100000000)
  region size 1024K, 43 young (44032K), 4 survivors (4096K)
 Metaspace       used 102482K, committed 103168K, reserved 1179648K
  class space    used 13709K, committed 14016K, reserved 1048576K
}
Event: 75.035 GC heap after
{Heap after GC invocations=42 (full 0):
 garbage-first heap   total 181248K, used 106415K [0x0000000080000000, 0x0000000100000000)
  region size 1024K, 2 young (2048K), 2 survivors (2048K)
 Metaspace       used 102482K, committed 103168K, reserved 1179648K
  class space    used 13709K, committed 14016K, reserved 1048576K
}
Event: 75.139 GC heap before
{Heap before GC invocations=42 (full 0):
 garbage-first heap   total 181248K, used 112559K [0x0000000080000000, 0x0000000100000000)
  region size 1024K, 8 young (8192K), 2 survivors (2048K)
 Metaspace       used 103005K, committed 103872K, reserved 1179648K
  class space    used 13790K, committed 14208K, reserved 1048576K
}
Event: 75.143 GC heap after
{Heap after GC invocations=43 (full 0):
 garbage-first heap   total 181248K, used 104865K [0x0000000080000000, 0x0000000100000000)
  region size 1024K, 1 young (1024K), 1 survivors (1024K)
 Metaspace       used 103005K, committed 103872K, reserved 1179648K
  class space    used 13790K, committed 14208K, reserved 1048576K
}
Event: 75.705 GC heap before
{Heap before GC invocations=43 (full 0):
 garbage-first heap   total 181248K, used 150945K [0x0000000080000000, 0x0000000100000000)
  region size 1024K, 46 young (47104K), 1 survivors (1024K)
 Metaspace       used 104809K, committed 105536K, reserved 1179648K
  class space    used 14040K, committed 14400K, reserved 1048576K
}
Event: 75.711 GC heap after
{Heap after GC invocations=44 (full 0):
 garbage-first heap   total 181248K, used 109551K [0x0000000080000000, 0x0000000100000000)
  region size 1024K, 6 young (6144K), 6 survivors (6144K)
 Metaspace       used 104809K, committed 105536K, reserved 1179648K
  class space    used 14040K, committed 14400K, reserved 1048576K
}
Event: 76.163 GC heap before
{Heap before GC invocations=44 (full 0):
 garbage-first heap   total 181248K, used 150511K [0x0000000080000000, 0x0000000100000000)
  region size 1024K, 46 young (47104K), 6 survivors (6144K)
 Metaspace       used 105526K, committed 106368K, reserved 1179648K
  class space    used 14169K, committed 14592K, reserved 1048576K
}
Event: 76.174 GC heap after
{Heap after GC invocations=45 (full 0):
 garbage-first heap   total 181248K, used 115413K [0x0000000080000000, 0x0000000100000000)
  region size 1024K, 6 young (6144K), 6 survivors (6144K)
 Metaspace       used 105526K, committed 106368K, reserved 1179648K
  class space    used 14169K, committed 14592K, reserved 1048576K
}
Event: 76.577 GC heap before
{Heap before GC invocations=45 (full 0):
 garbage-first heap   total 181248K, used 150229K [0x0000000080000000, 0x0000000100000000)
  region size 1024K, 41 young (41984K), 6 survivors (6144K)
 Metaspace       used 107035K, committed 107840K, reserved 1179648K
  class space    used 14508K, committed 14912K, reserved 1048576K
}
Event: 76.585 GC heap after
{Heap after GC invocations=46 (full 0):
 garbage-first heap   total 181248K, used 121056K [0x0000000080000000, 0x0000000100000000)
  region size 1024K, 6 young (6144K), 6 survivors (6144K)
 Metaspace       used 107035K, committed 107840K, reserved 1179648K
  class space    used 14508K, committed 14912K, reserved 1048576K
}
Event: 76.952 GC heap before
{Heap before GC invocations=46 (full 0):
 garbage-first heap   total 181248K, used 149728K [0x0000000080000000, 0x0000000100000000)
  region size 1024K, 35 young (35840K), 6 survivors (6144K)
 Metaspace       used 107423K, committed 108224K, reserved 1179648K
  class space    used 14544K, committed 14912K, reserved 1048576K
}

