# JRE version: OpenJDK Runtime Environment (17.0.7) (build 17.0.7+0-b2043.56-10550314)
# Java VM: OpenJDK 64-Bit Server VM (17.0.7+0-b2043.56-10550314, mixed mode, tiered, compressed oops, compressed class ptrs, g1 gc, windows-amd64)
GC Precious Log:
 CPUs: 12 total, 12 available
 Memory: 15789M
 Large Page Support: Disabled
 NUMA Support: Disabled
 Compressed Oops: Enabled (32-bit)
 Heap Region Size: 1M
 Heap Min Capacity: 8M
 Heap Initial Capacity: 248M
 Heap Max Capacity: 2G
 Pre-touch: Disabled
 Parallel Workers: 10
 Concurrent Workers: 3
 Concurrent Refinement Workers: 10
 Periodic GC: Disabled
Heap:
 garbage-first heap   total 215040K, used 138390K [0x0000000080000000, 0x0000000100000000)
  region size 1024K, 20 young (20480K), 7 survivors (7168K)
 Metaspace       used 112136K, committed 112896K, reserved 1179648K
  class space    used 15106K, committed 15488K, reserved 1048576K
GC Heap History (20 events):
Event: 13.017 GC heap before
{Heap before GC invocations=23 (full 0):
 garbage-first heap   total 215040K, used 169704K [0x0000000080000000, 0x0000000100000000)
  region size 1024K, 94 young (96256K), 9 survivors (9216K)
 Metaspace       used 92592K, committed 93248K, reserved 1179648K
  class space    used 12786K, committed 13120K, reserved 1048576K
}
Event: 13.028 GC heap after
{Heap after GC invocations=24 (full 0):
 garbage-first heap   total 215040K, used 87151K [0x0000000080000000, 0x0000000100000000)
  region size 1024K, 8 young (8192K), 8 survivors (8192K)
 Metaspace       used 92592K, committed 93248K, reserved 1179648K
  class space    used 12786K, committed 13120K, reserved 1048576K
}
Event: 14.049 GC heap before
{Heap before GC invocations=24 (full 0):
 garbage-first heap   total 215040K, used 173167K [0x0000000080000000, 0x0000000100000000)
  region size 1024K, 92 young (94208K), 8 survivors (8192K)
 Metaspace       used 97516K, committed 98176K, reserved 1179648K
  class space    used 13423K, committed 13760K, reserved 1048576K
}
Event: 14.064 GC heap after
{Heap after GC invocations=25 (full 0):
 garbage-first heap   total 215040K, used 95330K [0x0000000080000000, 0x0000000100000000)
  region size 1024K, 12 young (12288K), 12 survivors (12288K)
 Metaspace       used 97516K, committed 98176K, reserved 1179648K
  class space    used 13423K, committed 13760K, reserved 1048576K
}
Event: 14.938 GC heap before
{Heap before GC invocations=25 (full 0):
 garbage-first heap   total 215040K, used 178274K [0x0000000080000000, 0x0000000100000000)
  region size 1024K, 89 young (91136K), 12 survivors (12288K)
 Metaspace       used 101303K, committed 102080K, reserved 1179648K
  class space    used 13974K, committed 14336K, reserved 1048576K
}
Event: 14.954 GC heap after
{Heap after GC invocations=26 (full 0):
 garbage-first heap   total 215040K, used 106944K [0x0000000080000000, 0x0000000100000000)
  region size 1024K, 12 young (12288K), 12 survivors (12288K)
 Metaspace       used 101303K, committed 102080K, reserved 1179648K
  class space    used 13974K, committed 14336K, reserved 1048576K
}
Event: 15.663 GC heap before
{Heap before GC invocations=26 (full 0):
 garbage-first heap   total 215040K, used 171456K [0x0000000080000000, 0x0000000100000000)
  region size 1024K, 76 young (77824K), 12 survivors (12288K)
 Metaspace       used 102170K, committed 102912K, reserved 1179648K
  class space    used 14055K, committed 14400K, reserved 1048576K
}
Event: 15.674 GC heap after
{Heap after GC invocations=27 (full 0):
 garbage-first heap   total 215040K, used 111883K [0x0000000080000000, 0x0000000100000000)
  region size 1024K, 6 young (6144K), 6 survivors (6144K)
 Metaspace       used 102170K, committed 102912K, reserved 1179648K
  class space    used 14055K, committed 14400K, reserved 1048576K
}
Event: 16.599 GC heap before
{Heap before GC invocations=28 (full 0):
 garbage-first heap   total 215040K, used 174347K [0x0000000080000000, 0x0000000100000000)
  region size 1024K, 68 young (69632K), 6 survivors (6144K)
 Metaspace       used 105446K, committed 106240K, reserved 1179648K
  class space    used 14489K, committed 14848K, reserved 1048576K
}
Event: 16.610 GC heap after
{Heap after GC invocations=29 (full 0):
 garbage-first heap   total 215040K, used 115766K [0x0000000080000000, 0x0000000100000000)
  region size 1024K, 9 young (9216K), 9 survivors (9216K)
 Metaspace       used 105446K, committed 106240K, reserved 1179648K
  class space    used 14489K, committed 14848K, reserved 1048576K
}
Event: 16.614 GC heap before
{Heap before GC invocations=29 (full 0):
 garbage-first heap   total 215040K, used 116790K [0x0000000080000000, 0x0000000100000000)
  region size 1024K, 10 young (10240K), 9 survivors (9216K)
 Metaspace       used 105457K, committed 106240K, reserved 1179648K
  class space    used 14492K, committed 14848K, reserved 1048576K
}
Event: 16.621 GC heap after
{Heap after GC invocations=30 (full 0):
 garbage-first heap   total 215040K, used 116984K [0x0000000080000000, 0x0000000100000000)
  region size 1024K, 2 young (2048K), 2 survivors (2048K)
 Metaspace       used 105457K, committed 106240K, reserved 1179648K
  class space    used 14492K, committed 14848K, reserved 1048576K
}
Event: 17.582 GC heap before
{Heap before GC invocations=30 (full 0):
 garbage-first heap   total 215040K, used 176376K [0x0000000080000000, 0x0000000100000000)
  region size 1024K, 61 young (62464K), 2 survivors (2048K)
 Metaspace       used 107242K, committed 108032K, reserved 1179648K
  class space    used 14724K, committed 15104K, reserved 1048576K
}
Event: 17.586 GC heap after
{Heap after GC invocations=31 (full 0):
 garbage-first heap   total 215040K, used 118341K [0x0000000080000000, 0x0000000100000000)
  region size 1024K, 3 young (3072K), 3 survivors (3072K)
 Metaspace       used 107242K, committed 108032K, reserved 1179648K
  class space    used 14724K, committed 15104K, reserved 1048576K
}
Event: 29.002 GC heap before
{Heap before GC invocations=32 (full 0):
 garbage-first heap   total 215040K, used 177733K [0x0000000080000000, 0x0000000100000000)
  region size 1024K, 62 young (63488K), 3 survivors (3072K)
 Metaspace       used 111457K, committed 112256K, reserved 1179648K
  class space    used 15090K, committed 15488K, reserved 1048576K
}
Event: 29.008 GC heap after
{Heap after GC invocations=33 (full 0):
 garbage-first heap   total 215040K, used 121669K [0x0000000080000000, 0x0000000100000000)
  region size 1024K, 7 young (7168K), 7 survivors (7168K)
 Metaspace       used 111457K, committed 112256K, reserved 1179648K
  class space    used 15090K, committed 15488K, reserved 1048576K
}
Event: 29.034 GC heap before
{Heap before GC invocations=33 (full 0):
 garbage-first heap   total 215040K, used 123717K [0x0000000080000000, 0x0000000100000000)
  region size 1024K, 10 young (10240K), 7 survivors (7168K)
 Metaspace       used 111479K, committed 112256K, reserved 1179648K
  class space    used 15090K, committed 15488K, reserved 1048576K
}
Event: 29.038 GC heap after
{Heap after GC invocations=34 (full 0):
 garbage-first heap   total 215040K, used 121438K [0x0000000080000000, 0x0000000100000000)
  region size 1024K, 2 young (2048K), 2 survivors (2048K)
 Metaspace       used 111479K, committed 112256K, reserved 1179648K
  class space    used 15090K, committed 15488K, reserved 1048576K
}
Event: 29.875 GC heap before
{Heap before GC invocations=34 (full 0):
 garbage-first heap   total 215040K, used 177758K [0x0000000080000000, 0x0000000100000000)
  region size 1024K, 58 young (59392K), 2 survivors (2048K)
 Metaspace       used 112043K, committed 112832K, reserved 1179648K
  class space    used 15106K, committed 15488K, reserved 1048576K
}
Event: 29.882 GC heap after
{Heap after GC invocations=35 (full 0):
 garbage-first heap   total 215040K, used 127126K [0x0000000080000000, 0x0000000100000000)
  region size 1024K, 7 young (7168K), 7 survivors (7168K)
 Metaspace       used 112043K, committed 112832K, reserved 1179648K
  class space    used 15106K, committed 15488K, reserved 1048576K
}

