# JRE version: OpenJDK Runtime Environment (17.0.7) (build 17.0.7+0-b2043.56-10550314)
# Java VM: OpenJDK 64-Bit Server VM (17.0.7+0-b2043.56-10550314, mixed mode, tiered, compressed oops, compressed class ptrs, g1 gc, windows-amd64)
GC Precious Log:
 CPUs: 12 total, 12 available
 Memory: 15789M
 Large Page Support: Disabled
 NUMA Support: Disabled
 Compressed Oops: Enabled (32-bit)
 Heap Region Size: 1M
 Heap Min Capacity: 8M
 Heap Initial Capacity: 248M
 Heap Max Capacity: 2G
 Pre-touch: Disabled
 Parallel Workers: 10
 Concurrent Workers: 3
 Concurrent Refinement Workers: 10
 Periodic GC: Disabled
Heap:
 garbage-first heap   total 140288K, used 88883K [0x0000000080000000, 0x0000000100000000)
  region size 1024K, 4 young (4096K), 4 survivors (4096K)
 Metaspace       used 95411K, committed 96064K, reserved 1179648K
  class space    used 13121K, committed 13440K, reserved 1048576K
GC Heap History (20 events):
Event: 13.944 GC heap after
{Heap after GC invocations=37 (full 0):
 garbage-first heap   total 140288K, used 70103K [0x0000000080000000, 0x0000000100000000)
  region size 1024K, 4 young (4096K), 4 survivors (4096K)
 Metaspace       used 69650K, committed 70272K, reserved 1114112K
  class space    used 9291K, committed 9600K, reserved 1048576K
}
Event: 14.736 GC heap before
{Heap before GC invocations=38 (full 0):
 garbage-first heap   total 140288K, used 112087K [0x0000000080000000, 0x0000000100000000)
  region size 1024K, 42 young (43008K), 4 survivors (4096K)
 Metaspace       used 72797K, committed 73408K, reserved 1114112K
  class space    used 9751K, committed 10048K, reserved 1048576K
}
Event: 14.742 GC heap after
{Heap after GC invocations=39 (full 0):
 garbage-first heap   total 140288K, used 75880K [0x0000000080000000, 0x0000000100000000)
  region size 1024K, 6 young (6144K), 6 survivors (6144K)
 Metaspace       used 72797K, committed 73408K, reserved 1114112K
  class space    used 9751K, committed 10048K, reserved 1048576K
}
Event: 14.760 GC heap before
{Heap before GC invocations=39 (full 0):
 garbage-first heap   total 140288K, used 76904K [0x0000000080000000, 0x0000000100000000)
  region size 1024K, 7 young (7168K), 6 survivors (6144K)
 Metaspace       used 72900K, committed 73472K, reserved 1114112K
  class space    used 9769K, committed 10048K, reserved 1048576K
}
Event: 14.764 GC heap after
{Heap after GC invocations=40 (full 0):
 garbage-first heap   total 140288K, used 74857K [0x0000000080000000, 0x0000000100000000)
  region size 1024K, 1 young (1024K), 1 survivors (1024K)
 Metaspace       used 72900K, committed 73472K, reserved 1114112K
  class space    used 9769K, committed 10048K, reserved 1048576K
}
Event: 15.364 GC heap before
{Heap before GC invocations=40 (full 0):
 garbage-first heap   total 140288K, used 111721K [0x0000000080000000, 0x0000000100000000)
  region size 1024K, 37 young (37888K), 1 survivors (1024K)
 Metaspace       used 76786K, committed 77376K, reserved 1179648K
  class space    used 10294K, committed 10560K, reserved 1048576K
}
Event: 15.367 GC heap after
{Heap after GC invocations=41 (full 0):
 garbage-first heap   total 140288K, used 76930K [0x0000000080000000, 0x0000000100000000)
  region size 1024K, 3 young (3072K), 3 survivors (3072K)
 Metaspace       used 76786K, committed 77376K, reserved 1179648K
  class space    used 10294K, committed 10560K, reserved 1048576K
}
Event: 15.953 GC heap before
{Heap before GC invocations=41 (full 0):
 garbage-first heap   total 140288K, used 111746K [0x0000000080000000, 0x0000000100000000)
  region size 1024K, 38 young (38912K), 3 survivors (3072K)
 Metaspace       used 78685K, committed 79232K, reserved 1179648K
  class space    used 10543K, committed 10816K, reserved 1048576K
}
Event: 15.957 GC heap after
{Heap after GC invocations=42 (full 0):
 garbage-first heap   total 140288K, used 79623K [0x0000000080000000, 0x0000000100000000)
  region size 1024K, 5 young (5120K), 5 survivors (5120K)
 Metaspace       used 78685K, committed 79232K, reserved 1179648K
  class space    used 10543K, committed 10816K, reserved 1048576K
}
Event: 16.413 GC heap before
{Heap before GC invocations=42 (full 0):
 garbage-first heap   total 140288K, used 113415K [0x0000000080000000, 0x0000000100000000)
  region size 1024K, 39 young (39936K), 5 survivors (5120K)
 Metaspace       used 81113K, committed 81728K, reserved 1179648K
  class space    used 10879K, committed 11136K, reserved 1048576K
}
Event: 16.420 GC heap after
{Heap after GC invocations=43 (full 0):
 garbage-first heap   total 140288K, used 81221K [0x0000000080000000, 0x0000000100000000)
  region size 1024K, 2 young (2048K), 2 survivors (2048K)
 Metaspace       used 81113K, committed 81728K, reserved 1179648K
  class space    used 10879K, committed 11136K, reserved 1048576K
}
Event: 16.951 GC heap before
{Heap before GC invocations=43 (full 0):
 garbage-first heap   total 140288K, used 116037K [0x0000000080000000, 0x0000000100000000)
  region size 1024K, 36 young (36864K), 2 survivors (2048K)
 Metaspace       used 83807K, committed 84416K, reserved 1179648K
  class space    used 11413K, committed 11712K, reserved 1048576K
}
Event: 16.954 GC heap after
{Heap after GC invocations=44 (full 0):
 garbage-first heap   total 140288K, used 81766K [0x0000000080000000, 0x0000000100000000)
  region size 1024K, 3 young (3072K), 3 survivors (3072K)
 Metaspace       used 83807K, committed 84416K, reserved 1179648K
  class space    used 11413K, committed 11712K, reserved 1048576K
}
Event: 17.499 GC heap before
{Heap before GC invocations=44 (full 0):
 garbage-first heap   total 140288K, used 116582K [0x0000000080000000, 0x0000000100000000)
  region size 1024K, 37 young (37888K), 3 survivors (3072K)
 Metaspace       used 86394K, committed 86976K, reserved 1179648K
  class space    used 11816K, committed 12096K, reserved 1048576K
}
Event: 17.504 GC heap after
{Heap after GC invocations=45 (full 0):
 garbage-first heap   total 140288K, used 83509K [0x0000000080000000, 0x0000000100000000)
  region size 1024K, 4 young (4096K), 4 survivors (4096K)
 Metaspace       used 86394K, committed 86976K, reserved 1179648K
  class space    used 11816K, committed 12096K, reserved 1048576K
}
Event: 18.147 GC heap before
{Heap before GC invocations=45 (full 0):
 garbage-first heap   total 140288K, used 118325K [0x0000000080000000, 0x0000000100000000)
  region size 1024K, 38 young (38912K), 4 survivors (4096K)
 Metaspace       used 89387K, committed 89984K, reserved 1179648K
  class space    used 12270K, committed 12544K, reserved 1048576K
}
Event: 18.152 GC heap after
{Heap after GC invocations=46 (full 0):
 garbage-first heap   total 140288K, used 85543K [0x0000000080000000, 0x0000000100000000)
  region size 1024K, 4 young (4096K), 4 survivors (4096K)
 Metaspace       used 89387K, committed 89984K, reserved 1179648K
  class space    used 12270K, committed 12544K, reserved 1048576K
}
Event: 18.557 GC heap before
{Heap before GC invocations=46 (full 0):
 garbage-first heap   total 140288K, used 118311K [0x0000000080000000, 0x0000000100000000)
  region size 1024K, 36 young (36864K), 4 survivors (4096K)
 Metaspace       used 91791K, committed 92416K, reserved 1179648K
  class space    used 12620K, committed 12928K, reserved 1048576K
}
Event: 18.563 GC heap after
{Heap after GC invocations=47 (full 0):
 garbage-first heap   total 140288K, used 87236K [0x0000000080000000, 0x0000000100000000)
  region size 1024K, 4 young (4096K), 4 survivors (4096K)
 Metaspace       used 91791K, committed 92416K, reserved 1179648K
  class space    used 12620K, committed 12928K, reserved 1048576K
}
Event: 19.103 GC heap before
{Heap before GC invocations=47 (full 0):
 garbage-first heap   total 140288K, used 118980K [0x0000000080000000, 0x0000000100000000)
  region size 1024K, 35 young (35840K), 4 survivors (4096K)
 Metaspace       used 95411K, committed 96064K, reserved 1179648K
  class space    used 13121K, committed 13440K, reserved 1048576K
}

